  [1m[36m (0.0ms)[0m  [1mselect sqlite_version(*)[0m
  [1m[35m (13.1ms)[0m  CREATE TABLE "schema_migrations" ("version" varchar(255) NOT NULL) 
  [1m[36m (0.1ms)[0m  [1mPRAGMA index_list("schema_migrations")[0m
  [1m[35m (10.7ms)[0m  CREATE UNIQUE INDEX "unique_schema_migrations" ON "schema_migrations" ("version")
  [1m[36m (2.0ms)[0m  [1mSELECT "schema_migrations"."version" FROM "schema_migrations" [0m
Migrating to CreateMovies (20111119180638)
  [1m[35m (3.4ms)[0m  CREATE TABLE "movies" ("id" INTEGER PRIMARY KEY AUTOINCREMENT NOT NULL, "title" varchar(255), "rating" varchar(255), "description" text, "release_date" datetime, "created_at" datetime, "updated_at" datetime) 
  [1m[36m (1.2ms)[0m  [1mINSERT INTO "schema_migrations" ("version") VALUES ('20111119180638')[0m
  [1m[35m (2.1ms)[0m  select sqlite_version(*)
  [1m[36m (1.8ms)[0m  [1mSELECT "schema_migrations"."version" FROM "schema_migrations" [0m
  [1m[35m (0.0ms)[0m  PRAGMA index_list("movies")
  [1m[36m (1.0ms)[0m  [1mSELECT "schema_migrations"."version" FROM "schema_migrations" [0m
  [1m[35mSQL (23.2ms)[0m  INSERT INTO "movies" ("created_at", "description", "rating", "release_date", "title", "updated_at") VALUES (?, ?, ?, ?, ?, ?)  [["created_at", Sat, 27 Jul 2013 16:09:08 UTC +00:00], ["description", nil], ["rating", "G"], ["release_date", Wed, 25 Nov 1992 00:00:00 UTC +00:00], ["title", "Aladdin"], ["updated_at", Sat, 27 Jul 2013 16:09:08 UTC +00:00]]
  [1m[36mSQL (7.4ms)[0m  [1mINSERT INTO "movies" ("created_at", "description", "rating", "release_date", "title", "updated_at") VALUES (?, ?, ?, ?, ?, ?)[0m  [["created_at", Sat, 27 Jul 2013 16:09:08 UTC +00:00], ["description", nil], ["rating", "R"], ["release_date", Fri, 26 Oct 1984 00:00:00 UTC +00:00], ["title", "The Terminator"], ["updated_at", Sat, 27 Jul 2013 16:09:08 UTC +00:00]]
  [1m[35mSQL (6.7ms)[0m  INSERT INTO "movies" ("created_at", "description", "rating", "release_date", "title", "updated_at") VALUES (?, ?, ?, ?, ?, ?)  [["created_at", Sat, 27 Jul 2013 16:09:08 UTC +00:00], ["description", nil], ["rating", "R"], ["release_date", Fri, 21 Jul 1989 00:00:00 UTC +00:00], ["title", "When Harry Met Sally"], ["updated_at", Sat, 27 Jul 2013 16:09:08 UTC +00:00]]
  [1m[36mSQL (7.5ms)[0m  [1mINSERT INTO "movies" ("created_at", "description", "rating", "release_date", "title", "updated_at") VALUES (?, ?, ?, ?, ?, ?)[0m  [["created_at", Sat, 27 Jul 2013 16:09:08 UTC +00:00], ["description", nil], ["rating", "PG-13"], ["release_date", Wed, 10 Aug 2011 00:00:00 UTC +00:00], ["title", "The Help"], ["updated_at", Sat, 27 Jul 2013 16:09:08 UTC +00:00]]
  [1m[35mSQL (6.8ms)[0m  INSERT INTO "movies" ("created_at", "description", "rating", "release_date", "title", "updated_at") VALUES (?, ?, ?, ?, ?, ?)  [["created_at", Sat, 27 Jul 2013 16:09:08 UTC +00:00], ["description", nil], ["rating", "PG-13"], ["release_date", Fri, 05 Jan 2001 00:00:00 UTC +00:00], ["title", "Chocolat"], ["updated_at", Sat, 27 Jul 2013 16:09:08 UTC +00:00]]
  [1m[36mSQL (8.4ms)[0m  [1mINSERT INTO "movies" ("created_at", "description", "rating", "release_date", "title", "updated_at") VALUES (?, ?, ?, ?, ?, ?)[0m  [["created_at", Sat, 27 Jul 2013 16:09:08 UTC +00:00], ["description", nil], ["rating", "R"], ["release_date", Wed, 25 Apr 2001 00:00:00 UTC +00:00], ["title", "Amelie"], ["updated_at", Sat, 27 Jul 2013 16:09:08 UTC +00:00]]
  [1m[35mSQL (7.4ms)[0m  INSERT INTO "movies" ("created_at", "description", "rating", "release_date", "title", "updated_at") VALUES (?, ?, ?, ?, ?, ?)  [["created_at", Sat, 27 Jul 2013 16:09:08 UTC +00:00], ["description", nil], ["rating", "G"], ["release_date", Sat, 06 Apr 1968 00:00:00 UTC +00:00], ["title", "2001: A Space Odyssey"], ["updated_at", Sat, 27 Jul 2013 16:09:08 UTC +00:00]]
  [1m[36mSQL (7.3ms)[0m  [1mINSERT INTO "movies" ("created_at", "description", "rating", "release_date", "title", "updated_at") VALUES (?, ?, ?, ?, ?, ?)[0m  [["created_at", Sat, 27 Jul 2013 16:09:08 UTC +00:00], ["description", nil], ["rating", "PG"], ["release_date", Fri, 05 Nov 2004 00:00:00 UTC +00:00], ["title", "The Incredibles"], ["updated_at", Sat, 27 Jul 2013 16:09:08 UTC +00:00]]
  [1m[35mSQL (8.8ms)[0m  INSERT INTO "movies" ("created_at", "description", "rating", "release_date", "title", "updated_at") VALUES (?, ?, ?, ?, ?, ?)  [["created_at", Sat, 27 Jul 2013 16:09:08 UTC +00:00], ["description", nil], ["rating", "PG"], ["release_date", Fri, 12 Jun 1981 00:00:00 UTC +00:00], ["title", "Raiders of the Lost Ark"], ["updated_at", Sat, 27 Jul 2013 16:09:08 UTC +00:00]]
  [1m[36mSQL (9.5ms)[0m  [1mINSERT INTO "movies" ("created_at", "description", "rating", "release_date", "title", "updated_at") VALUES (?, ?, ?, ?, ?, ?)[0m  [["created_at", Sat, 27 Jul 2013 16:09:08 UTC +00:00], ["description", nil], ["rating", "G"], ["release_date", Wed, 21 Jun 2000 00:00:00 UTC +00:00], ["title", "Chicken Run"], ["updated_at", Sat, 27 Jul 2013 16:09:08 UTC +00:00]]


Started GET "/movies" for 127.0.0.1 at 2013-07-27 18:10:06 +0200
  Processing by MoviesController#index as HTML
  [1m[36mMovie Load (2.1ms)[0m  [1mSELECT "movies".* FROM "movies" [0m
Rendered movies/index.html.haml within layouts/application (49.2ms)
Compiled application.css  (1ms)  (pid 2882)
Compiled application.js  (20ms)  (pid 2882)
Compiled jquery.js  (3ms)  (pid 2882)
Compiled jquery_ujs.js  (0ms)  (pid 2882)
Completed 200 OK in 335ms (Views: 329.6ms | ActiveRecord: 3.6ms)


Started GET "/assets/application.css?body=1" for 127.0.0.1 at 2013-07-27 18:10:08 +0200
Served asset /application.css - 304 Not Modified (57ms)


Started GET "/assets/application.js?body=1" for 127.0.0.1 at 2013-07-27 18:10:08 +0200
Served asset /application.js - 304 Not Modified (186ms)


Started GET "/assets/jquery_ujs.js?body=1" for 127.0.0.1 at 2013-07-27 18:10:08 +0200
Served asset /jquery_ujs.js - 304 Not Modified (27ms)


Started GET "/assets/jquery.js?body=1" for 127.0.0.1 at 2013-07-27 18:10:08 +0200
Served asset /jquery.js - 304 Not Modified (23ms)


Started GET "/movies" for 127.0.0.1 at 2013-07-27 18:19:07 +0200
  Processing by MoviesController#index as HTML
  [1m[35mMovie Load (4.1ms)[0m  SELECT "movies".* FROM "movies" 
Rendered movies/index.html.haml within layouts/application (8.2ms)
Completed 200 OK in 35ms (Views: 27.0ms | ActiveRecord: 6.7ms)


Started GET "/assets/application.css?body=1" for 127.0.0.1 at 2013-07-27 18:19:07 +0200
Served asset /application.css - 304 Not Modified (1ms)


Started GET "/assets/jquery_ujs.js?body=1" for 127.0.0.1 at 2013-07-27 18:19:07 +0200
Served asset /jquery_ujs.js - 304 Not Modified (0ms)


Started GET "/assets/application.js?body=1" for 127.0.0.1 at 2013-07-27 18:19:07 +0200
Served asset /application.js - 304 Not Modified (0ms)


Started GET "/assets/jquery.js?body=1" for 127.0.0.1 at 2013-07-27 18:19:07 +0200
Served asset /jquery.js - 304 Not Modified (0ms)


Started GET "/movies" for 127.0.0.1 at 2013-07-27 18:19:12 +0200
  Processing by MoviesController#index as HTML
  [1m[36mMovie Load (1.7ms)[0m  [1mSELECT "movies".* FROM "movies" [0m
Rendered movies/index.html.haml within layouts/application (8.9ms)
Completed 200 OK in 32ms (Views: 25.8ms | ActiveRecord: 4.8ms)


Started GET "/assets/jquery.js?body=1" for 127.0.0.1 at 2013-07-27 18:19:13 +0200
Served asset /jquery.js - 304 Not Modified (6ms)


Started GET "/assets/jquery_ujs.js?body=1" for 127.0.0.1 at 2013-07-27 18:19:13 +0200
Served asset /jquery_ujs.js - 304 Not Modified (0ms)


Started GET "/assets/application.js?body=1" for 127.0.0.1 at 2013-07-27 18:19:13 +0200
Served asset /application.js - 304 Not Modified (3ms)


Started GET "/assets/application.css?body=1" for 127.0.0.1 at 2013-07-27 18:19:13 +0200
Served asset /application.css - 304 Not Modified (1ms)


Started GET "/movies" for 127.0.0.1 at 2013-07-27 18:22:59 +0200
  Processing by MoviesController#index as HTML
  [1m[36mMovie Load (5.3ms)[0m  [1mSELECT "movies".* FROM "movies" [0m
Rendered movies/index.html.haml within layouts/application (102.5ms)
Completed 200 OK in 334ms (Views: 319.4ms | ActiveRecord: 11.8ms)


Started GET "/assets/application.css?body=1" for 127.0.0.1 at 2013-07-27 18:23:01 +0200
Served asset /application.css - 304 Not Modified (7ms)


Started GET "/assets/application.js?body=1" for 127.0.0.1 at 2013-07-27 18:23:01 +0200
Served asset /application.js - 304 Not Modified (8ms)


Started GET "/assets/jquery.js?body=1" for 127.0.0.1 at 2013-07-27 18:23:01 +0200
Served asset /jquery.js - 304 Not Modified (38ms)


Started GET "/assets/jquery_ujs.js?body=1" for 127.0.0.1 at 2013-07-27 18:23:01 +0200
Served asset /jquery_ujs.js - 304 Not Modified (27ms)


Started GET "/movies" for 127.0.0.1 at 2013-07-27 18:28:45 +0200
  Processing by MoviesController#index as HTML
  [1m[35mMovie Load (3.4ms)[0m  SELECT "movies".* FROM "movies" 
Rendered movies/index.html.haml within layouts/application (21.5ms)
Completed 200 OK in 57ms (Views: 43.3ms | ActiveRecord: 5.7ms)


Started GET "/assets/application.css?body=1" for 127.0.0.1 at 2013-07-27 18:28:46 +0200
Served asset /application.css - 304 Not Modified (2ms)


Started GET "/assets/application.js?body=1" for 127.0.0.1 at 2013-07-27 18:28:46 +0200
Served asset /application.js - 304 Not Modified (3ms)


Started GET "/assets/jquery_ujs.js?body=1" for 127.0.0.1 at 2013-07-27 18:28:46 +0200
Served asset /jquery_ujs.js - 304 Not Modified (0ms)


Started GET "/assets/jquery.js?body=1" for 127.0.0.1 at 2013-07-27 18:28:46 +0200
Served asset /jquery.js - 304 Not Modified (0ms)


Started GET "/movies" for 127.0.0.1 at 2013-07-27 18:30:56 +0200
  Processing by MoviesController#index as HTML
Completed 500 Internal Server Error in 4ms

NameError (uninitialized constant MoviesController::Product):
  app/controllers/movies_controller.rb:45:in `sort_column'
  app/controllers/movies_controller.rb:11:in `index'

Rendered /usr/local/lib/ruby/gems/1.9.1/gems/actionpack-3.1.0/lib/action_dispatch/middleware/templates/rescues/_trace.erb (0.9ms)
Rendered /usr/local/lib/ruby/gems/1.9.1/gems/actionpack-3.1.0/lib/action_dispatch/middleware/templates/rescues/_request_and_response.erb (0.8ms)
Rendered /usr/local/lib/ruby/gems/1.9.1/gems/actionpack-3.1.0/lib/action_dispatch/middleware/templates/rescues/diagnostics.erb within rescues/layout (7.3ms)


Started GET "/movies" for 127.0.0.1 at 2013-07-27 18:31:10 +0200
  Processing by MoviesController#index as HTML
  [1m[36mMovie Load (1.5ms)[0m  [1mSELECT "movies".* FROM "movies" ORDER BY name asc[0m
SQLite3::SQLException: no such column: name: SELECT "movies".* FROM "movies"  ORDER BY name asc
Rendered movies/index.html.haml within layouts/application (13.2ms)
Completed 500 Internal Server Error in 34ms

ActionView::Template::Error (SQLite3::SQLException: no such column: name: SELECT "movies".* FROM "movies"  ORDER BY name asc):
    9:       %th= sortable "Release Date"
    10:       %th More Info
    11:   %tbody
    12:     - @movies.each do |movie|
    13:       %tr
    14:         %td= movie.title 
    15:         %td= movie.rating
  app/views/movies/index.html.haml:12:in `_app_views_movies_index_html_haml__483724603__643119558'

Rendered /usr/local/lib/ruby/gems/1.9.1/gems/actionpack-3.1.0/lib/action_dispatch/middleware/templates/rescues/_trace.erb (1.3ms)
Rendered /usr/local/lib/ruby/gems/1.9.1/gems/actionpack-3.1.0/lib/action_dispatch/middleware/templates/rescues/_request_and_response.erb (0.8ms)
Rendered /usr/local/lib/ruby/gems/1.9.1/gems/actionpack-3.1.0/lib/action_dispatch/middleware/templates/rescues/template_error.erb within rescues/layout (5.5ms)


Started GET "/movies" for 127.0.0.1 at 2013-07-27 18:33:46 +0200
  Processing by MoviesController#index as HTML
  [1m[35mMovie Load (1.9ms)[0m  SELECT "movies".* FROM "movies" ORDER BY title asc
Rendered movies/index.html.haml within layouts/application (49.5ms)
Completed 200 OK in 67ms (Views: 61.2ms | ActiveRecord: 5.2ms)


Started GET "/assets/application.css?body=1" for 127.0.0.1 at 2013-07-27 18:33:46 +0200
Served asset /application.css - 304 Not Modified (1ms)


Started GET "/assets/jquery_ujs.js?body=1" for 127.0.0.1 at 2013-07-27 18:33:46 +0200
Served asset /jquery_ujs.js - 304 Not Modified (0ms)


Started GET "/assets/jquery.js?body=1" for 127.0.0.1 at 2013-07-27 18:33:46 +0200
Served asset /jquery.js - 304 Not Modified (0ms)


Started GET "/assets/application.js?body=1" for 127.0.0.1 at 2013-07-27 18:33:46 +0200
Served asset /application.js - 304 Not Modified (2ms)


Started GET "/movies?direction=asc&sort=Movie+Title" for 127.0.0.1 at 2013-07-27 18:33:49 +0200
  Processing by MoviesController#index as HTML
  Parameters: {"direction"=>"asc", "sort"=>"Movie Title"}
  [1m[36mMovie Load (1.7ms)[0m  [1mSELECT "movies".* FROM "movies" ORDER BY title asc[0m
Rendered movies/index.html.haml within layouts/application (29.5ms)
Completed 200 OK in 48ms (Views: 38.0ms | ActiveRecord: 10.0ms)


Started GET "/assets/application.css?body=1" for 127.0.0.1 at 2013-07-27 18:33:49 +0200
Served asset /application.css - 304 Not Modified (1ms)


Started GET "/assets/jquery.js?body=1" for 127.0.0.1 at 2013-07-27 18:33:49 +0200
Served asset /jquery.js - 304 Not Modified (0ms)


Started GET "/assets/jquery_ujs.js?body=1" for 127.0.0.1 at 2013-07-27 18:33:49 +0200
Served asset /jquery_ujs.js - 304 Not Modified (0ms)


Started GET "/assets/application.js?body=1" for 127.0.0.1 at 2013-07-27 18:33:49 +0200
Served asset /application.js - 304 Not Modified (2ms)


Started GET "/movies?direction=asc&sort=Movie+Title" for 127.0.0.1 at 2013-07-27 18:33:52 +0200
  Processing by MoviesController#index as HTML
  Parameters: {"direction"=>"asc", "sort"=>"Movie Title"}
  [1m[35mMovie Load (1.7ms)[0m  SELECT "movies".* FROM "movies" ORDER BY title asc
Rendered movies/index.html.haml within layouts/application (14.5ms)
Completed 200 OK in 50ms (Views: 44.8ms | ActiveRecord: 4.2ms)


Started GET "/assets/application.css?body=1" for 127.0.0.1 at 2013-07-27 18:33:52 +0200
Served asset /application.css - 304 Not Modified (1ms)


Started GET "/assets/jquery.js?body=1" for 127.0.0.1 at 2013-07-27 18:33:52 +0200
Served asset /jquery.js - 304 Not Modified (0ms)


Started GET "/assets/application.js?body=1" for 127.0.0.1 at 2013-07-27 18:33:52 +0200
Served asset /application.js - 304 Not Modified (1ms)


Started GET "/assets/jquery_ujs.js?body=1" for 127.0.0.1 at 2013-07-27 18:33:52 +0200
Served asset /jquery_ujs.js - 304 Not Modified (0ms)


Started GET "/movies?direction=asc&sort=Movie+Title" for 127.0.0.1 at 2013-07-27 18:33:53 +0200
  Processing by MoviesController#index as HTML
  Parameters: {"direction"=>"asc", "sort"=>"Movie Title"}
  [1m[36mMovie Load (2.1ms)[0m  [1mSELECT "movies".* FROM "movies" ORDER BY title asc[0m
Rendered movies/index.html.haml within layouts/application (14.5ms)
Completed 200 OK in 39ms (Views: 34.9ms | ActiveRecord: 4.4ms)


Started GET "/assets/application.css?body=1" for 127.0.0.1 at 2013-07-27 18:33:53 +0200
Served asset /application.css - 304 Not Modified (1ms)


Started GET "/assets/jquery.js?body=1" for 127.0.0.1 at 2013-07-27 18:33:53 +0200
Served asset /jquery.js - 304 Not Modified (0ms)


Started GET "/assets/jquery_ujs.js?body=1" for 127.0.0.1 at 2013-07-27 18:33:53 +0200
Served asset /jquery_ujs.js - 304 Not Modified (0ms)


Started GET "/assets/application.js?body=1" for 127.0.0.1 at 2013-07-27 18:33:53 +0200
Served asset /application.js - 304 Not Modified (1ms)


Started GET "/movies?direction=asc&sort=Movie+Title" for 127.0.0.1 at 2013-07-27 18:35:15 +0200
  Processing by MoviesController#index as HTML
  Parameters: {"direction"=>"asc", "sort"=>"Movie Title"}
  [1m[35mMovie Load (1.6ms)[0m  SELECT "movies".* FROM "movies" ORDER BY title asc
Rendered movies/index.html.haml within layouts/application (30.6ms)
Completed 200 OK in 68ms (Views: 62.4ms | ActiveRecord: 4.7ms)


Started GET "/assets/application.css?body=1" for 127.0.0.1 at 2013-07-27 18:35:16 +0200
Served asset /application.css - 304 Not Modified (7ms)


Started GET "/assets/jquery.js?body=1" for 127.0.0.1 at 2013-07-27 18:35:16 +0200
Served asset /jquery.js - 304 Not Modified (0ms)


Started GET "/assets/application.js?body=1" for 127.0.0.1 at 2013-07-27 18:35:16 +0200
Served asset /application.js - 304 Not Modified (2ms)


Started GET "/assets/jquery_ujs.js?body=1" for 127.0.0.1 at 2013-07-27 18:35:16 +0200
Served asset /jquery_ujs.js - 304 Not Modified (3ms)


Started GET "/movies?direction=desc&sort=title" for 127.0.0.1 at 2013-07-27 18:35:20 +0200
  Processing by MoviesController#index as HTML
  Parameters: {"direction"=>"desc", "sort"=>"title"}
  [1m[36mMovie Load (1.9ms)[0m  [1mSELECT "movies".* FROM "movies" ORDER BY title desc[0m
Rendered movies/index.html.haml within layouts/application (23.4ms)
Completed 200 OK in 49ms (Views: 36.1ms | ActiveRecord: 12.6ms)


Started GET "/assets/jquery.js?body=1" for 127.0.0.1 at 2013-07-27 18:35:20 +0200
Served asset /jquery.js - 304 Not Modified (0ms)


Started GET "/assets/jquery_ujs.js?body=1" for 127.0.0.1 at 2013-07-27 18:35:20 +0200
Served asset /jquery_ujs.js - 304 Not Modified (0ms)


Started GET "/assets/application.css?body=1" for 127.0.0.1 at 2013-07-27 18:35:20 +0200
Served asset /application.css - 304 Not Modified (4ms)


Started GET "/assets/application.js?body=1" for 127.0.0.1 at 2013-07-27 18:35:20 +0200
Served asset /application.js - 304 Not Modified (3ms)


Started GET "/movies?direction=asc&sort=title" for 127.0.0.1 at 2013-07-27 18:35:21 +0200
  Processing by MoviesController#index as HTML
  Parameters: {"direction"=>"asc", "sort"=>"title"}
  [1m[35mMovie Load (1.1ms)[0m  SELECT "movies".* FROM "movies" ORDER BY title asc
Rendered movies/index.html.haml within layouts/application (13.7ms)
Completed 200 OK in 44ms (Views: 40.7ms | ActiveRecord: 3.1ms)


Started GET "/assets/application.css?body=1" for 127.0.0.1 at 2013-07-27 18:35:21 +0200
Served asset /application.css - 304 Not Modified (4ms)


Started GET "/assets/jquery.js?body=1" for 127.0.0.1 at 2013-07-27 18:35:21 +0200
Served asset /jquery.js - 304 Not Modified (10ms)


Started GET "/assets/jquery_ujs.js?body=1" for 127.0.0.1 at 2013-07-27 18:35:21 +0200
Served asset /jquery_ujs.js - 304 Not Modified (0ms)


Started GET "/assets/application.js?body=1" for 127.0.0.1 at 2013-07-27 18:35:21 +0200
Served asset /application.js - 304 Not Modified (2ms)


Started GET "/movies?direction=asc&sort=release_date" for 127.0.0.1 at 2013-07-27 18:35:23 +0200
  Processing by MoviesController#index as HTML
  Parameters: {"direction"=>"asc", "sort"=>"release_date"}
  [1m[36mMovie Load (1.5ms)[0m  [1mSELECT "movies".* FROM "movies" ORDER BY release_date asc[0m
Rendered movies/index.html.haml within layouts/application (21.5ms)
Completed 200 OK in 48ms (Views: 37.0ms | ActiveRecord: 10.3ms)


Started GET "/assets/application.css?body=1" for 127.0.0.1 at 2013-07-27 18:35:23 +0200
Served asset /application.css - 304 Not Modified (1ms)


Started GET "/assets/jquery_ujs.js?body=1" for 127.0.0.1 at 2013-07-27 18:35:23 +0200
Served asset /jquery_ujs.js - 304 Not Modified (0ms)


Started GET "/assets/jquery.js?body=1" for 127.0.0.1 at 2013-07-27 18:35:23 +0200
Served asset /jquery.js - 304 Not Modified (3ms)


Started GET "/assets/application.js?body=1" for 127.0.0.1 at 2013-07-27 18:35:23 +0200
Served asset /application.js - 304 Not Modified (1ms)


Started GET "/movies?direction=desc&sort=release_date" for 127.0.0.1 at 2013-07-27 18:35:24 +0200
  Processing by MoviesController#index as HTML
  Parameters: {"direction"=>"desc", "sort"=>"release_date"}
  [1m[35mMovie Load (1.3ms)[0m  SELECT "movies".* FROM "movies" ORDER BY release_date desc
Rendered movies/index.html.haml within layouts/application (48.7ms)
Completed 200 OK in 81ms (Views: 69.6ms | ActiveRecord: 3.6ms)


Started GET "/assets/application.css?body=1" for 127.0.0.1 at 2013-07-27 18:35:25 +0200
Served asset /application.css - 304 Not Modified (0ms)


Started GET "/assets/application.js?body=1" for 127.0.0.1 at 2013-07-27 18:35:25 +0200
Served asset /application.js - 304 Not Modified (0ms)


Started GET "/assets/jquery.js?body=1" for 127.0.0.1 at 2013-07-27 18:35:25 +0200
Served asset /jquery.js - 304 Not Modified (0ms)


Started GET "/assets/jquery_ujs.js?body=1" for 127.0.0.1 at 2013-07-27 18:35:25 +0200
Served asset /jquery_ujs.js - 304 Not Modified (0ms)


Started GET "/movies?direction=desc&sort=release_date" for 127.0.0.1 at 2013-07-27 18:37:54 +0200
  Processing by MoviesController#index as HTML
  Parameters: {"direction"=>"desc", "sort"=>"release_date"}
  [1m[36mMovie Load (1.5ms)[0m  [1mSELECT "movies".* FROM "movies" ORDER BY release_date desc[0m
Rendered movies/index.html.haml within layouts/application (23.7ms)
Completed 200 OK in 49ms (Views: 44.2ms | ActiveRecord: 4.7ms)


Started GET "/assets/application.css?body=1" for 127.0.0.1 at 2013-07-27 18:37:54 +0200
Served asset /application.css - 304 Not Modified (1ms)


Started GET "/assets/application.js?body=1" for 127.0.0.1 at 2013-07-27 18:37:54 +0200
Served asset /application.js - 304 Not Modified (1ms)


Started GET "/assets/jquery_ujs.js?body=1" for 127.0.0.1 at 2013-07-27 18:37:54 +0200
Served asset /jquery_ujs.js - 304 Not Modified (0ms)


Started GET "/assets/jquery.js?body=1" for 127.0.0.1 at 2013-07-27 18:37:55 +0200
Served asset /jquery.js - 304 Not Modified (0ms)


Started GET "/movies?direction=asc&sort=release_date" for 127.0.0.1 at 2013-07-27 18:37:57 +0200
  Processing by MoviesController#index as HTML
  Parameters: {"direction"=>"asc", "sort"=>"release_date"}
  [1m[35mMovie Load (1.1ms)[0m  SELECT "movies".* FROM "movies" ORDER BY release_date asc
Rendered movies/index.html.haml within layouts/application (19.7ms)
Completed 200 OK in 46ms (Views: 41.5ms | ActiveRecord: 3.8ms)


Started GET "/assets/application.css?body=1" for 127.0.0.1 at 2013-07-27 18:37:57 +0200
Served asset /application.css - 304 Not Modified (3ms)


Started GET "/assets/jquery.js?body=1" for 127.0.0.1 at 2013-07-27 18:37:58 +0200
Served asset /jquery.js - 304 Not Modified (2ms)


Started GET "/assets/jquery_ujs.js?body=1" for 127.0.0.1 at 2013-07-27 18:37:58 +0200
Served asset /jquery_ujs.js - 304 Not Modified (0ms)


Started GET "/assets/application.js?body=1" for 127.0.0.1 at 2013-07-27 18:37:58 +0200
Served asset /application.js - 304 Not Modified (7ms)


Started GET "/movies?direction=desc&sort=release_date" for 127.0.0.1 at 2013-07-27 18:37:59 +0200
  Processing by MoviesController#index as HTML
  Parameters: {"direction"=>"desc", "sort"=>"release_date"}
  [1m[36mMovie Load (1.8ms)[0m  [1mSELECT "movies".* FROM "movies" ORDER BY release_date desc[0m
Rendered movies/index.html.haml within layouts/application (41.6ms)
Completed 200 OK in 79ms (Views: 62.9ms | ActiveRecord: 16.0ms)


Started GET "/assets/application.css?body=1" for 127.0.0.1 at 2013-07-27 18:37:59 +0200
Served asset /application.css - 304 Not Modified (12ms)


Started GET "/assets/jquery.js?body=1" for 127.0.0.1 at 2013-07-27 18:37:59 +0200
Served asset /jquery.js - 304 Not Modified (0ms)


Started GET "/assets/jquery_ujs.js?body=1" for 127.0.0.1 at 2013-07-27 18:37:59 +0200
Served asset /jquery_ujs.js - 304 Not Modified (0ms)


Started GET "/assets/application.js?body=1" for 127.0.0.1 at 2013-07-27 18:37:59 +0200
Served asset /application.js - 304 Not Modified (5ms)


Started GET "/movies?direction=asc&sort=title" for 127.0.0.1 at 2013-07-27 18:38:00 +0200
  Processing by MoviesController#index as HTML
  Parameters: {"direction"=>"asc", "sort"=>"title"}
  [1m[35mMovie Load (2.2ms)[0m  SELECT "movies".* FROM "movies" ORDER BY title asc
Rendered movies/index.html.haml within layouts/application (17.0ms)
Completed 200 OK in 40ms (Views: 35.2ms | ActiveRecord: 4.5ms)


Started GET "/assets/application.css?body=1" for 127.0.0.1 at 2013-07-27 18:38:00 +0200
Served asset /application.css - 304 Not Modified (3ms)


Started GET "/assets/jquery.js?body=1" for 127.0.0.1 at 2013-07-27 18:38:01 +0200
Served asset /jquery.js - 304 Not Modified (0ms)


Started GET "/assets/jquery_ujs.js?body=1" for 127.0.0.1 at 2013-07-27 18:38:01 +0200
Served asset /jquery_ujs.js - 304 Not Modified (0ms)


Started GET "/assets/application.js?body=1" for 127.0.0.1 at 2013-07-27 18:38:01 +0200
Served asset /application.js - 304 Not Modified (2ms)


Started GET "/movies?direction=desc&sort=title" for 127.0.0.1 at 2013-07-27 18:38:01 +0200
  Processing by MoviesController#index as HTML
  Parameters: {"direction"=>"desc", "sort"=>"title"}
  [1m[36mMovie Load (1.1ms)[0m  [1mSELECT "movies".* FROM "movies" ORDER BY title desc[0m
Rendered movies/index.html.haml within layouts/application (47.7ms)
Completed 200 OK in 74ms (Views: 70.5ms | ActiveRecord: 3.3ms)


Started GET "/assets/application.css?body=1" for 127.0.0.1 at 2013-07-27 18:38:01 +0200
Served asset /application.css - 304 Not Modified (1ms)


Started GET "/assets/application.js?body=1" for 127.0.0.1 at 2013-07-27 18:38:02 +0200
Served asset /application.js - 304 Not Modified (0ms)


Started GET "/assets/jquery.js?body=1" for 127.0.0.1 at 2013-07-27 18:38:02 +0200
Served asset /jquery.js - 304 Not Modified (7ms)


Started GET "/assets/jquery_ujs.js?body=1" for 127.0.0.1 at 2013-07-27 18:38:02 +0200
Served asset /jquery_ujs.js - 304 Not Modified (0ms)


Started GET "/movies?direction=desc&sort=title" for 127.0.0.1 at 2013-07-27 18:38:43 +0200
  Processing by MoviesController#index as HTML
  Parameters: {"direction"=>"desc", "sort"=>"title"}
  [1m[35mMovie Load (2.4ms)[0m  SELECT "movies".* FROM "movies" ORDER BY title desc
Rendered movies/index.html.haml within layouts/application (22.4ms)
Compiled application.css  (1ms)  (pid 3280)
Completed 200 OK in 85ms (Views: 79.6ms | ActiveRecord: 4.7ms)


Started GET "/assets/application.css?body=1" for 127.0.0.1 at 2013-07-27 18:38:43 +0200
Served asset /application.css - 200 OK (31ms)


Started GET "/assets/application.js?body=1" for 127.0.0.1 at 2013-07-27 18:38:44 +0200
Served asset /application.js - 304 Not Modified (5ms)


Started GET "/assets/jquery_ujs.js?body=1" for 127.0.0.1 at 2013-07-27 18:38:44 +0200
Served asset /jquery_ujs.js - 304 Not Modified (0ms)


Started GET "/assets/jquery.js?body=1" for 127.0.0.1 at 2013-07-27 18:38:44 +0200
Served asset /jquery.js - 304 Not Modified (0ms)


Started GET "/movies?direction=asc&sort=release_date" for 127.0.0.1 at 2013-07-27 18:38:46 +0200
  Processing by MoviesController#index as HTML
  Parameters: {"direction"=>"asc", "sort"=>"release_date"}
  [1m[36mMovie Load (2.5ms)[0m  [1mSELECT "movies".* FROM "movies" ORDER BY release_date asc[0m
Rendered movies/index.html.haml within layouts/application (29.2ms)
Completed 200 OK in 78ms (Views: 68.5ms | ActiveRecord: 9.5ms)


Started GET "/assets/application.css?body=1" for 127.0.0.1 at 2013-07-27 18:38:46 +0200
Served asset /application.css - 304 Not Modified (7ms)


Started GET "/assets/jquery.js?body=1" for 127.0.0.1 at 2013-07-27 18:38:46 +0200
Served asset /jquery.js - 304 Not Modified (0ms)


Started GET "/assets/jquery_ujs.js?body=1" for 127.0.0.1 at 2013-07-27 18:38:46 +0200
Served asset /jquery_ujs.js - 304 Not Modified (8ms)


Started GET "/assets/application.js?body=1" for 127.0.0.1 at 2013-07-27 18:38:46 +0200
Served asset /application.js - 304 Not Modified (1ms)


Started GET "/movies?direction=asc&sort=title" for 127.0.0.1 at 2013-07-27 18:38:48 +0200
  Processing by MoviesController#index as HTML
  Parameters: {"direction"=>"asc", "sort"=>"title"}
  [1m[35mMovie Load (1.2ms)[0m  SELECT "movies".* FROM "movies" ORDER BY title asc
Rendered movies/index.html.haml within layouts/application (21.3ms)
Completed 200 OK in 45ms (Views: 33.9ms | ActiveRecord: 10.8ms)


Started GET "/assets/application.css?body=1" for 127.0.0.1 at 2013-07-27 18:38:49 +0200
Served asset /application.css - 304 Not Modified (1ms)


Started GET "/assets/jquery.js?body=1" for 127.0.0.1 at 2013-07-27 18:38:49 +0200
Served asset /jquery.js - 304 Not Modified (0ms)


Started GET "/assets/application.js?body=1" for 127.0.0.1 at 2013-07-27 18:38:49 +0200
Served asset /application.js - 304 Not Modified (0ms)


Started GET "/assets/jquery_ujs.js?body=1" for 127.0.0.1 at 2013-07-27 18:38:49 +0200
Served asset /jquery_ujs.js - 304 Not Modified (0ms)


Started GET "/movies?direction=desc&sort=title" for 127.0.0.1 at 2013-07-27 18:38:50 +0200
  Processing by MoviesController#index as HTML
  Parameters: {"direction"=>"desc", "sort"=>"title"}
  [1m[36mMovie Load (1.6ms)[0m  [1mSELECT "movies".* FROM "movies" ORDER BY title desc[0m
Rendered movies/index.html.haml within layouts/application (13.0ms)
Completed 200 OK in 47ms (Views: 42.7ms | ActiveRecord: 3.6ms)


Started GET "/assets/application.css?body=1" for 127.0.0.1 at 2013-07-27 18:38:50 +0200
Served asset /application.css - 304 Not Modified (0ms)


Started GET "/assets/jquery_ujs.js?body=1" for 127.0.0.1 at 2013-07-27 18:38:50 +0200
Served asset /jquery_ujs.js - 304 Not Modified (0ms)


Started GET "/assets/application.js?body=1" for 127.0.0.1 at 2013-07-27 18:38:50 +0200
Served asset /application.js - 304 Not Modified (8ms)


Started GET "/assets/jquery.js?body=1" for 127.0.0.1 at 2013-07-27 18:38:50 +0200
Served asset /jquery.js - 304 Not Modified (0ms)


Started GET "/movies?direction=desc&sort=title" for 127.0.0.1 at 2013-07-27 18:40:22 +0200
  Processing by MoviesController#index as HTML
  Parameters: {"direction"=>"desc", "sort"=>"title"}
  [1m[35mMovie Load (1.9ms)[0m  SELECT "movies".* FROM "movies" ORDER BY title desc
Rendered movies/index.html.haml within layouts/application (19.2ms)
Completed 200 OK in 39ms (Views: 32.8ms | ActiveRecord: 5.5ms)


Started GET "/assets/application.css?body=1" for 127.0.0.1 at 2013-07-27 18:40:22 +0200
Served asset /application.css - 304 Not Modified (0ms)


Started GET "/assets/application.js?body=1" for 127.0.0.1 at 2013-07-27 18:40:22 +0200
Served asset /application.js - 304 Not Modified (3ms)


Started GET "/assets/jquery_ujs.js?body=1" for 127.0.0.1 at 2013-07-27 18:40:22 +0200
Served asset /jquery_ujs.js - 304 Not Modified (0ms)


Started GET "/assets/jquery.js?body=1" for 127.0.0.1 at 2013-07-27 18:40:22 +0200
Served asset /jquery.js - 304 Not Modified (0ms)


Started GET "/movies?direction=desc&sort=title" for 127.0.0.1 at 2013-07-27 21:27:00 +0200
  Processing by MoviesController#index as HTML
  Parameters: {"direction"=>"desc", "sort"=>"title"}
  [1m[36mMovie Load (1.6ms)[0m  [1mSELECT "movies".* FROM "movies" ORDER BY title desc[0m
Rendered movies/index.html.haml within layouts/application (19.3ms)
Completed 200 OK in 51ms (Views: 46.0ms | ActiveRecord: 4.3ms)


Started GET "/assets/application.css?body=1" for 127.0.0.1 at 2013-07-27 21:27:01 +0200
Served asset /application.css - 304 Not Modified (29ms)


Started GET "/assets/application.js?body=1" for 127.0.0.1 at 2013-07-27 21:27:01 +0200
Served asset /application.js - 304 Not Modified (3ms)


Started GET "/assets/jquery.js?body=1" for 127.0.0.1 at 2013-07-27 21:27:01 +0200
Served asset /jquery.js - 304 Not Modified (0ms)


Started GET "/assets/jquery_ujs.js?body=1" for 127.0.0.1 at 2013-07-27 21:27:01 +0200
Served asset /jquery_ujs.js - 304 Not Modified (0ms)


Started GET "/movies?direction=asc&sort=release_date" for 127.0.0.1 at 2013-07-27 21:27:04 +0200
  Processing by MoviesController#index as HTML
  Parameters: {"direction"=>"asc", "sort"=>"release_date"}
  [1m[35mMovie Load (1.3ms)[0m  SELECT "movies".* FROM "movies" ORDER BY release_date asc
Rendered movies/index.html.haml within layouts/application (29.9ms)
Completed 200 OK in 53ms (Views: 47.6ms | ActiveRecord: 5.1ms)


Started GET "/assets/jquery.js?body=1" for 127.0.0.1 at 2013-07-27 21:27:05 +0200
Served asset /jquery.js - 304 Not Modified (0ms)


Started GET "/assets/application.js?body=1" for 127.0.0.1 at 2013-07-27 21:27:05 +0200
Served asset /application.js - 304 Not Modified (3ms)


Started GET "/assets/jquery_ujs.js?body=1" for 127.0.0.1 at 2013-07-27 21:27:05 +0200
Served asset /jquery_ujs.js - 304 Not Modified (2ms)


Started GET "/assets/application.css?body=1" for 127.0.0.1 at 2013-07-27 21:27:05 +0200
Served asset /application.css - 304 Not Modified (6ms)


Started GET "/movies?direction=desc&sort=release_date" for 127.0.0.1 at 2013-07-27 21:27:54 +0200
  Processing by MoviesController#index as HTML
  Parameters: {"direction"=>"desc", "sort"=>"release_date"}
  [1m[36mMovie Load (3.2ms)[0m  [1mSELECT "movies".* FROM "movies" ORDER BY release_date desc[0m
Rendered movies/index.html.haml within layouts/application (15.2ms)
Completed 200 OK in 51ms (Views: 44.6ms | ActiveRecord: 5.6ms)


Started GET "/assets/application.css?body=1" for 127.0.0.1 at 2013-07-27 21:27:54 +0200
Served asset /application.css - 304 Not Modified (8ms)


Started GET "/assets/jquery.js?body=1" for 127.0.0.1 at 2013-07-27 21:27:55 +0200
Served asset /jquery.js - 304 Not Modified (0ms)


Started GET "/assets/jquery_ujs.js?body=1" for 127.0.0.1 at 2013-07-27 21:27:55 +0200
Served asset /jquery_ujs.js - 304 Not Modified (0ms)


Started GET "/assets/application.js?body=1" for 127.0.0.1 at 2013-07-27 21:27:55 +0200
Served asset /application.js - 304 Not Modified (1ms)


Started GET "/movies?direction=asc&sort=release_date" for 127.0.0.1 at 2013-07-27 21:27:56 +0200
  Processing by MoviesController#index as HTML
  Parameters: {"direction"=>"asc", "sort"=>"release_date"}
  [1m[35mMovie Load (2.2ms)[0m  SELECT "movies".* FROM "movies" ORDER BY release_date asc
Rendered movies/index.html.haml within layouts/application (62.4ms)
Completed 200 OK in 105ms (Views: 97.4ms | ActiveRecord: 6.9ms)


Started GET "/assets/application.css?body=1" for 127.0.0.1 at 2013-07-27 21:27:56 +0200
Served asset /application.css - 304 Not Modified (28ms)


Started GET "/assets/jquery_ujs.js?body=1" for 127.0.0.1 at 2013-07-27 21:27:56 +0200
Served asset /jquery_ujs.js - 304 Not Modified (0ms)


Started GET "/assets/application.js?body=1" for 127.0.0.1 at 2013-07-27 21:27:56 +0200
Served asset /application.js - 304 Not Modified (2ms)


Started GET "/assets/jquery.js?body=1" for 127.0.0.1 at 2013-07-27 21:27:56 +0200
Served asset /jquery.js - 304 Not Modified (0ms)


Started GET "/movies?direction=asc&sort=title" for 127.0.0.1 at 2013-07-27 21:27:58 +0200
  Processing by MoviesController#index as HTML
  Parameters: {"direction"=>"asc", "sort"=>"title"}
  [1m[36mMovie Load (2.4ms)[0m  [1mSELECT "movies".* FROM "movies" ORDER BY title asc[0m
Rendered movies/index.html.haml within layouts/application (31.7ms)
Completed 200 OK in 72ms (Views: 58.8ms | ActiveRecord: 12.7ms)


Started GET "/assets/application.css?body=1" for 127.0.0.1 at 2013-07-27 21:27:59 +0200
Served asset /application.css - 304 Not Modified (3ms)


Started GET "/assets/application.js?body=1" for 127.0.0.1 at 2013-07-27 21:27:59 +0200
Served asset /application.js - 304 Not Modified (0ms)


Started GET "/assets/jquery.js?body=1" for 127.0.0.1 at 2013-07-27 21:27:59 +0200
Served asset /jquery.js - 304 Not Modified (0ms)


Started GET "/assets/jquery_ujs.js?body=1" for 127.0.0.1 at 2013-07-27 21:27:59 +0200
Served asset /jquery_ujs.js - 304 Not Modified (0ms)


Started GET "/movies?direction=desc&sort=title" for 127.0.0.1 at 2013-07-27 21:28:00 +0200
  Processing by MoviesController#index as HTML
  Parameters: {"direction"=>"desc", "sort"=>"title"}
  [1m[35mMovie Load (2.8ms)[0m  SELECT "movies".* FROM "movies" ORDER BY title desc
Rendered movies/index.html.haml within layouts/application (25.9ms)
Completed 200 OK in 62ms (Views: 47.7ms | ActiveRecord: 14.4ms)


Started GET "/assets/application.css?body=1" for 127.0.0.1 at 2013-07-27 21:28:01 +0200
Served asset /application.css - 304 Not Modified (7ms)


Started GET "/assets/jquery.js?body=1" for 127.0.0.1 at 2013-07-27 21:28:01 +0200
Served asset /jquery.js - 304 Not Modified (0ms)


Started GET "/assets/application.js?body=1" for 127.0.0.1 at 2013-07-27 21:28:01 +0200
Served asset /application.js - 304 Not Modified (1ms)


Started GET "/assets/jquery_ujs.js?body=1" for 127.0.0.1 at 2013-07-27 21:28:01 +0200
Served asset /jquery_ujs.js - 304 Not Modified (0ms)


Started GET "/movies" for 127.0.0.1 at 2013-07-27 21:40:45 +0200
  Processing by MoviesController#index as HTML
  [1m[36mMovie Load (7.2ms)[0m  [1mSELECT "movies".* FROM "movies" ORDER BY title desc[0m
Rendered movies/index.html.haml within layouts/application (35.6ms)
Completed 200 OK in 81ms (Views: 66.0ms | ActiveRecord: 14.2ms)


Started GET "/assets/application.js?body=1" for 127.0.0.1 at 2013-07-27 21:40:45 +0200
Served asset /application.js - 304 Not Modified (2ms)


Started GET "/assets/jquery_ujs.js?body=1" for 127.0.0.1 at 2013-07-27 21:40:45 +0200
Served asset /jquery_ujs.js - 304 Not Modified (0ms)


Started GET "/assets/jquery.js?body=1" for 127.0.0.1 at 2013-07-27 21:40:45 +0200
Served asset /jquery.js - 304 Not Modified (0ms)


Started GET "/assets/application.css?body=1" for 127.0.0.1 at 2013-07-27 21:40:45 +0200
Served asset /application.css - 304 Not Modified (6ms)


Started GET "/movies" for 127.0.0.1 at 2013-07-27 21:40:57 +0200
  Processing by MoviesController#index as HTML
  [1m[35mMovie Load (1.9ms)[0m  SELECT "movies".* FROM "movies" ORDER BY title asc
Rendered movies/index.html.haml within layouts/application (20.9ms)
Completed 200 OK in 83ms (Views: 74.2ms | ActiveRecord: 8.7ms)


Started GET "/assets/application.css?body=1" for 127.0.0.1 at 2013-07-27 21:40:57 +0200
Served asset /application.css - 304 Not Modified (4ms)


Started GET "/assets/jquery.js?body=1" for 127.0.0.1 at 2013-07-27 21:40:57 +0200
Served asset /jquery.js - 304 Not Modified (0ms)


Started GET "/assets/jquery_ujs.js?body=1" for 127.0.0.1 at 2013-07-27 21:40:57 +0200
Served asset /jquery_ujs.js - 304 Not Modified (0ms)


Started GET "/assets/application.js?body=1" for 127.0.0.1 at 2013-07-27 21:40:57 +0200
Served asset /application.js - 304 Not Modified (4ms)


Started GET "/movies?direction=asc&sort=release_date" for 127.0.0.1 at 2013-07-27 21:44:54 +0200
  Processing by MoviesController#index as HTML
  Parameters: {"direction"=>"asc", "sort"=>"release_date"}
  [1m[36mMovie Load (9.6ms)[0m  [1mSELECT "movies".* FROM "movies" ORDER BY release_date asc[0m
Rendered movies/index.html.haml within layouts/application (65.4ms)
Completed 200 OK in 100ms (Views: 85.0ms | ActiveRecord: 14.8ms)


Started GET "/assets/application.css?body=1" for 127.0.0.1 at 2013-07-27 21:44:55 +0200
Served asset /application.css - 304 Not Modified (23ms)


Started GET "/assets/application.js?body=1" for 127.0.0.1 at 2013-07-27 21:44:55 +0200
Served asset /application.js - 304 Not Modified (3ms)


Started GET "/assets/jquery_ujs.js?body=1" for 127.0.0.1 at 2013-07-27 21:44:55 +0200
Served asset /jquery_ujs.js - 304 Not Modified (0ms)


Started GET "/assets/jquery.js?body=1" for 127.0.0.1 at 2013-07-27 21:44:55 +0200
Served asset /jquery.js - 304 Not Modified (0ms)


Started GET "/movies?direction=desc&sort=release_date" for 127.0.0.1 at 2013-07-27 21:45:14 +0200
  Processing by MoviesController#index as HTML
  Parameters: {"direction"=>"desc", "sort"=>"release_date"}
  [1m[35mMovie Load (1.8ms)[0m  SELECT "movies".* FROM "movies" ORDER BY release_date desc
Rendered movies/index.html.haml within layouts/application (33.5ms)
Completed 200 OK in 85ms (Views: 68.8ms | ActiveRecord: 15.4ms)


Started GET "/assets/application.css?body=1" for 127.0.0.1 at 2013-07-27 21:45:14 +0200
Served asset /application.css - 304 Not Modified (5ms)


Started GET "/assets/jquery.js?body=1" for 127.0.0.1 at 2013-07-27 21:45:14 +0200
Served asset /jquery.js - 304 Not Modified (0ms)


Started GET "/assets/application.js?body=1" for 127.0.0.1 at 2013-07-27 21:45:14 +0200
Served asset /application.js - 304 Not Modified (2ms)


Started GET "/assets/jquery_ujs.js?body=1" for 127.0.0.1 at 2013-07-27 21:45:14 +0200
Served asset /jquery_ujs.js - 304 Not Modified (1ms)


Started GET "/movies?direction=asc&sort=release_date" for 127.0.0.1 at 2013-07-27 21:45:16 +0200
  Processing by MoviesController#index as HTML
  Parameters: {"direction"=>"asc", "sort"=>"release_date"}
  [1m[36mMovie Load (1.3ms)[0m  [1mSELECT "movies".* FROM "movies" ORDER BY release_date asc[0m
Rendered movies/index.html.haml within layouts/application (14.9ms)
Completed 200 OK in 72ms (Views: 68.2ms | ActiveRecord: 3.6ms)


Started GET "/assets/application.css?body=1" for 127.0.0.1 at 2013-07-27 21:45:16 +0200
Served asset /application.css - 304 Not Modified (6ms)


Started GET "/assets/jquery.js?body=1" for 127.0.0.1 at 2013-07-27 21:45:16 +0200
Served asset /jquery.js - 304 Not Modified (3ms)


Started GET "/assets/jquery_ujs.js?body=1" for 127.0.0.1 at 2013-07-27 21:45:16 +0200
Served asset /jquery_ujs.js - 304 Not Modified (0ms)


Started GET "/assets/application.js?body=1" for 127.0.0.1 at 2013-07-27 21:45:16 +0200
Served asset /application.js - 304 Not Modified (7ms)


Started GET "/movies?direction=desc&sort=release_date" for 127.0.0.1 at 2013-07-27 21:45:17 +0200
  Processing by MoviesController#index as HTML
  Parameters: {"direction"=>"desc", "sort"=>"release_date"}
  [1m[35mMovie Load (3.3ms)[0m  SELECT "movies".* FROM "movies" ORDER BY release_date desc
Rendered movies/index.html.haml within layouts/application (53.6ms)
Completed 200 OK in 108ms (Views: 91.8ms | ActiveRecord: 15.5ms)


Started GET "/assets/jquery.js?body=1" for 127.0.0.1 at 2013-07-27 21:45:18 +0200
Served asset /jquery.js - 304 Not Modified (0ms)


Started GET "/assets/jquery_ujs.js?body=1" for 127.0.0.1 at 2013-07-27 21:45:18 +0200
Served asset /jquery_ujs.js - 304 Not Modified (0ms)


Started GET "/assets/application.css?body=1" for 127.0.0.1 at 2013-07-27 21:45:18 +0200
Served asset /application.css - 304 Not Modified (3ms)


Started GET "/assets/application.js?body=1" for 127.0.0.1 at 2013-07-27 21:45:18 +0200
Served asset /application.js - 304 Not Modified (2ms)


Started GET "/movies?direction=asc&sort=title" for 127.0.0.1 at 2013-07-27 21:45:19 +0200
  Processing by MoviesController#index as HTML
  Parameters: {"direction"=>"asc", "sort"=>"title"}
  [1m[36mMovie Load (7.3ms)[0m  [1mSELECT "movies".* FROM "movies" ORDER BY title asc[0m
Rendered movies/index.html.haml within layouts/application (34.5ms)
Completed 200 OK in 62ms (Views: 46.4ms | ActiveRecord: 14.9ms)


Started GET "/assets/application.css?body=1" for 127.0.0.1 at 2013-07-27 21:45:19 +0200
Served asset /application.css - 304 Not Modified (7ms)


Started GET "/assets/jquery.js?body=1" for 127.0.0.1 at 2013-07-27 21:45:19 +0200
Served asset /jquery.js - 304 Not Modified (0ms)


Started GET "/assets/jquery_ujs.js?body=1" for 127.0.0.1 at 2013-07-27 21:45:19 +0200
Served asset /jquery_ujs.js - 304 Not Modified (0ms)


Started GET "/assets/application.js?body=1" for 127.0.0.1 at 2013-07-27 21:45:19 +0200
Served asset /application.js - 304 Not Modified (9ms)


Started GET "/movies?direction=desc&sort=title" for 127.0.0.1 at 2013-07-27 21:45:21 +0200
  Processing by MoviesController#index as HTML
  Parameters: {"direction"=>"desc", "sort"=>"title"}
  [1m[35mMovie Load (3.0ms)[0m  SELECT "movies".* FROM "movies" ORDER BY title desc
Rendered movies/index.html.haml within layouts/application (19.6ms)
Completed 200 OK in 109ms (Views: 101.4ms | ActiveRecord: 7.7ms)


Started GET "/assets/application.css?body=1" for 127.0.0.1 at 2013-07-27 21:45:21 +0200
Served asset /application.css - 304 Not Modified (6ms)


Started GET "/assets/jquery.js?body=1" for 127.0.0.1 at 2013-07-27 21:45:21 +0200
Served asset /jquery.js - 304 Not Modified (0ms)


Started GET "/assets/jquery_ujs.js?body=1" for 127.0.0.1 at 2013-07-27 21:45:21 +0200
Served asset /jquery_ujs.js - 304 Not Modified (0ms)


Started GET "/assets/application.js?body=1" for 127.0.0.1 at 2013-07-27 21:45:21 +0200
Served asset /application.js - 304 Not Modified (1ms)


Started GET "/movies?direction=desc&sort=ouhoh" for 127.0.0.1 at 2013-07-27 21:45:26 +0200
  Processing by MoviesController#index as HTML
  Parameters: {"direction"=>"desc", "sort"=>"ouhoh"}
  [1m[36mMovie Load (2.5ms)[0m  [1mSELECT "movies".* FROM "movies" ORDER BY title desc[0m
Rendered movies/index.html.haml within layouts/application (23.8ms)
Completed 200 OK in 59ms (Views: 46.8ms | ActiveRecord: 12.3ms)


Started GET "/assets/jquery.js?body=1" for 127.0.0.1 at 2013-07-27 21:45:26 +0200
Served asset /jquery.js - 304 Not Modified (0ms)


Started GET "/assets/application.js?body=1" for 127.0.0.1 at 2013-07-27 21:45:26 +0200
Served asset /application.js - 304 Not Modified (5ms)


Started GET "/assets/jquery_ujs.js?body=1" for 127.0.0.1 at 2013-07-27 21:45:26 +0200
Served asset /jquery_ujs.js - 304 Not Modified (0ms)


Started GET "/assets/application.css?body=1" for 127.0.0.1 at 2013-07-27 21:45:26 +0200
Served asset /application.css - 304 Not Modified (3ms)


Started GET "/movies?direction=desc&sort=uytfrd" for 127.0.0.1 at 2013-07-27 21:45:39 +0200
  Processing by MoviesController#index as HTML
  Parameters: {"direction"=>"desc", "sort"=>"uytfrd"}
  [1m[35mMovie Load (1.2ms)[0m  SELECT "movies".* FROM "movies" ORDER BY title desc
Rendered movies/index.html.haml within layouts/application (23.8ms)
Completed 200 OK in 54ms (Views: 43.7ms | ActiveRecord: 9.6ms)


Started GET "/assets/application.css?body=1" for 127.0.0.1 at 2013-07-27 21:45:40 +0200
Served asset /application.css - 304 Not Modified (19ms)


Started GET "/assets/jquery.js?body=1" for 127.0.0.1 at 2013-07-27 21:45:40 +0200
Served asset /jquery.js - 304 Not Modified (0ms)


Started GET "/assets/jquery_ujs.js?body=1" for 127.0.0.1 at 2013-07-27 21:45:40 +0200
Served asset /jquery_ujs.js - 304 Not Modified (0ms)


Started GET "/assets/application.js?body=1" for 127.0.0.1 at 2013-07-27 21:45:40 +0200
Served asset /application.js - 304 Not Modified (3ms)


Started GET "/movies?direction=asc&sort=release_date" for 127.0.0.1 at 2013-07-27 21:45:44 +0200
  Processing by MoviesController#index as HTML
  Parameters: {"direction"=>"asc", "sort"=>"release_date"}
  [1m[36mMovie Load (1.7ms)[0m  [1mSELECT "movies".* FROM "movies" ORDER BY release_date asc[0m
Rendered movies/index.html.haml within layouts/application (22.2ms)
Completed 200 OK in 51ms (Views: 46.2ms | ActiveRecord: 4.4ms)


Started GET "/assets/application.css?body=1" for 127.0.0.1 at 2013-07-27 21:45:44 +0200
Served asset /application.css - 304 Not Modified (9ms)


Started GET "/assets/jquery.js?body=1" for 127.0.0.1 at 2013-07-27 21:45:44 +0200
Served asset /jquery.js - 304 Not Modified (0ms)


Started GET "/assets/jquery_ujs.js?body=1" for 127.0.0.1 at 2013-07-27 21:45:44 +0200
Served asset /jquery_ujs.js - 304 Not Modified (0ms)


Started GET "/assets/application.js?body=1" for 127.0.0.1 at 2013-07-27 21:45:44 +0200
Served asset /application.js - 304 Not Modified (1ms)


Started GET "/movies?direction=asc&sort=hgfds" for 127.0.0.1 at 2013-07-27 21:45:49 +0200
  Processing by MoviesController#index as HTML
  Parameters: {"direction"=>"asc", "sort"=>"hgfds"}
  [1m[35mMovie Load (1.8ms)[0m  SELECT "movies".* FROM "movies" ORDER BY title asc
Rendered movies/index.html.haml within layouts/application (17.8ms)
Completed 200 OK in 61ms (Views: 55.7ms | ActiveRecord: 4.7ms)


Started GET "/assets/application.css?body=1" for 127.0.0.1 at 2013-07-27 21:45:49 +0200
Served asset /application.css - 304 Not Modified (4ms)


Started GET "/assets/jquery.js?body=1" for 127.0.0.1 at 2013-07-27 21:45:49 +0200
Served asset /jquery.js - 304 Not Modified (0ms)


Started GET "/assets/jquery_ujs.js?body=1" for 127.0.0.1 at 2013-07-27 21:45:49 +0200
Served asset /jquery_ujs.js - 304 Not Modified (0ms)


Started GET "/assets/application.js?body=1" for 127.0.0.1 at 2013-07-27 21:45:49 +0200
Served asset /application.js - 304 Not Modified (4ms)


Started GET "/movies?direction=desc&sort=title" for 127.0.0.1 at 2013-07-27 21:45:57 +0200
  Processing by MoviesController#index as HTML
  Parameters: {"direction"=>"desc", "sort"=>"title"}
  [1m[36mMovie Load (1.1ms)[0m  [1mSELECT "movies".* FROM "movies" ORDER BY title desc[0m
Rendered movies/index.html.haml within layouts/application (15.7ms)
Completed 200 OK in 52ms (Views: 48.6ms | ActiveRecord: 2.8ms)


Started GET "/assets/jquery.js?body=1" for 127.0.0.1 at 2013-07-27 21:45:57 +0200
Served asset /jquery.js - 304 Not Modified (0ms)


Started GET "/assets/jquery_ujs.js?body=1" for 127.0.0.1 at 2013-07-27 21:45:57 +0200
Served asset /jquery_ujs.js - 304 Not Modified (0ms)


Started GET "/assets/application.js?body=1" for 127.0.0.1 at 2013-07-27 21:45:57 +0200
Served asset /application.js - 304 Not Modified (3ms)


Started GET "/assets/application.css?body=1" for 127.0.0.1 at 2013-07-27 21:45:57 +0200
Served asset /application.css - 304 Not Modified (5ms)


Started GET "/movies?direction=desc&sort=iuygtfd" for 127.0.0.1 at 2013-07-27 21:46:03 +0200
  Processing by MoviesController#index as HTML
  Parameters: {"direction"=>"desc", "sort"=>"iuygtfd"}
  [1m[35mMovie Load (2.0ms)[0m  SELECT "movies".* FROM "movies" ORDER BY title desc
Rendered movies/index.html.haml within layouts/application (30.9ms)
Completed 200 OK in 50ms (Views: 40.2ms | ActiveRecord: 9.5ms)


Started GET "/assets/jquery.js?body=1" for 127.0.0.1 at 2013-07-27 21:46:03 +0200
Served asset /jquery.js - 304 Not Modified (0ms)


Started GET "/assets/application.js?body=1" for 127.0.0.1 at 2013-07-27 21:46:04 +0200
Served asset /application.js - 304 Not Modified (2ms)


Started GET "/assets/jquery_ujs.js?body=1" for 127.0.0.1 at 2013-07-27 21:46:04 +0200
Served asset /jquery_ujs.js - 304 Not Modified (0ms)


Started GET "/assets/application.css?body=1" for 127.0.0.1 at 2013-07-27 21:46:04 +0200
Served asset /application.css - 304 Not Modified (9ms)


Started GET "/movies?direction=asc&sort=title" for 127.0.0.1 at 2013-07-27 21:46:26 +0200
  Processing by MoviesController#index as HTML
  Parameters: {"direction"=>"asc", "sort"=>"title"}
  [1m[36mMovie Load (2.2ms)[0m  [1mSELECT "movies".* FROM "movies" ORDER BY title asc[0m
Rendered movies/index.html.haml within layouts/application (32.0ms)
Completed 200 OK in 76ms (Views: 69.0ms | ActiveRecord: 7.0ms)


Started GET "/assets/jquery.js?body=1" for 127.0.0.1 at 2013-07-27 21:46:26 +0200
Served asset /jquery.js - 304 Not Modified (0ms)


Started GET "/assets/jquery_ujs.js?body=1" for 127.0.0.1 at 2013-07-27 21:46:26 +0200
Served asset /jquery_ujs.js - 304 Not Modified (0ms)


Started GET "/assets/application.js?body=1" for 127.0.0.1 at 2013-07-27 21:46:26 +0200
Served asset /application.js - 304 Not Modified (1ms)


Started GET "/assets/application.css?body=1" for 127.0.0.1 at 2013-07-27 21:46:26 +0200
Served asset /application.css - 304 Not Modified (7ms)


Started GET "/movies?sort=title" for 127.0.0.1 at 2013-07-27 21:46:27 +0200
  Processing by MoviesController#index as HTML
  Parameters: {"sort"=>"title"}
  [1m[35mMovie Load (1.5ms)[0m  SELECT "movies".* FROM "movies" ORDER BY title asc
Rendered movies/index.html.haml within layouts/application (62.0ms)
Completed 200 OK in 105ms (Views: 99.2ms | ActiveRecord: 5.0ms)


Started GET "/assets/jquery.js?body=1" for 127.0.0.1 at 2013-07-27 21:46:27 +0200
Served asset /jquery.js - 304 Not Modified (0ms)


Started GET "/assets/application.js?body=1" for 127.0.0.1 at 2013-07-27 21:46:27 +0200
Served asset /application.js - 304 Not Modified (2ms)


Started GET "/assets/jquery_ujs.js?body=1" for 127.0.0.1 at 2013-07-27 21:46:27 +0200
Served asset /jquery_ujs.js - 304 Not Modified (0ms)


Started GET "/assets/application.css?body=1" for 127.0.0.1 at 2013-07-27 21:46:28 +0200
Served asset /application.css - 304 Not Modified (5ms)


Started GET "/movies?sort=title" for 127.0.0.1 at 2013-07-27 21:46:29 +0200
  Processing by MoviesController#index as HTML
  Parameters: {"sort"=>"title"}
  [1m[36mMovie Load (1.7ms)[0m  [1mSELECT "movies".* FROM "movies" ORDER BY title asc[0m
Rendered movies/index.html.haml within layouts/application (27.2ms)
Completed 200 OK in 86ms (Views: 73.9ms | ActiveRecord: 12.0ms)


Started GET "/assets/application.css?body=1" for 127.0.0.1 at 2013-07-27 21:46:29 +0200
Served asset /application.css - 304 Not Modified (16ms)


Started GET "/assets/jquery.js?body=1" for 127.0.0.1 at 2013-07-27 21:46:29 +0200
Served asset /jquery.js - 304 Not Modified (0ms)


Started GET "/assets/jquery_ujs.js?body=1" for 127.0.0.1 at 2013-07-27 21:46:29 +0200
Served asset /jquery_ujs.js - 304 Not Modified (0ms)


Started GET "/assets/application.js?body=1" for 127.0.0.1 at 2013-07-27 21:46:29 +0200
Served asset /application.js - 304 Not Modified (2ms)


Started GET "/movies?sort=release_date" for 127.0.0.1 at 2013-07-27 21:46:30 +0200
  Processing by MoviesController#index as HTML
  Parameters: {"sort"=>"release_date"}
  [1m[35mMovie Load (2.3ms)[0m  SELECT "movies".* FROM "movies" ORDER BY release_date asc
Rendered movies/index.html.haml within layouts/application (26.1ms)
Completed 200 OK in 61ms (Views: 44.0ms | ActiveRecord: 16.2ms)


Started GET "/assets/application.css?body=1" for 127.0.0.1 at 2013-07-27 21:46:31 +0200
Served asset /application.css - 304 Not Modified (3ms)


Started GET "/assets/jquery_ujs.js?body=1" for 127.0.0.1 at 2013-07-27 21:46:31 +0200
Served asset /jquery_ujs.js - 304 Not Modified (0ms)


Started GET "/assets/application.js?body=1" for 127.0.0.1 at 2013-07-27 21:46:31 +0200
Served asset /application.js - 304 Not Modified (2ms)


Started GET "/assets/jquery.js?body=1" for 127.0.0.1 at 2013-07-27 21:46:31 +0200
Served asset /jquery.js - 304 Not Modified (0ms)


Started GET "/movies?sort=release_date" for 127.0.0.1 at 2013-07-27 21:46:32 +0200
  Processing by MoviesController#index as HTML
  Parameters: {"sort"=>"release_date"}
  [1m[36mMovie Load (1.1ms)[0m  [1mSELECT "movies".* FROM "movies" ORDER BY release_date asc[0m
Rendered movies/index.html.haml within layouts/application (28.9ms)
Completed 200 OK in 53ms (Views: 48.2ms | ActiveRecord: 4.5ms)


Started GET "/assets/application.css?body=1" for 127.0.0.1 at 2013-07-27 21:46:32 +0200
Served asset /application.css - 304 Not Modified (6ms)


Started GET "/assets/application.js?body=1" for 127.0.0.1 at 2013-07-27 21:46:32 +0200
Served asset /application.js - 304 Not Modified (0ms)


Started GET "/assets/jquery_ujs.js?body=1" for 127.0.0.1 at 2013-07-27 21:46:32 +0200
Served asset /jquery_ujs.js - 304 Not Modified (0ms)


Started GET "/assets/jquery.js?body=1" for 127.0.0.1 at 2013-07-27 21:46:32 +0200
Served asset /jquery.js - 304 Not Modified (0ms)


Started GET "/movies?sort=release_date" for 127.0.0.1 at 2013-07-27 21:46:33 +0200
  Processing by MoviesController#index as HTML
  Parameters: {"sort"=>"release_date"}
  [1m[35mMovie Load (6.7ms)[0m  SELECT "movies".* FROM "movies" ORDER BY release_date asc
Rendered movies/index.html.haml within layouts/application (39.1ms)
Completed 200 OK in 93ms (Views: 78.8ms | ActiveRecord: 13.4ms)


Started GET "/assets/application.css?body=1" for 127.0.0.1 at 2013-07-27 21:46:34 +0200
Served asset /application.css - 304 Not Modified (7ms)


Started GET "/assets/jquery_ujs.js?body=1" for 127.0.0.1 at 2013-07-27 21:46:34 +0200
Served asset /jquery_ujs.js - 304 Not Modified (0ms)


Started GET "/assets/application.js?body=1" for 127.0.0.1 at 2013-07-27 21:46:34 +0200
Served asset /application.js - 304 Not Modified (4ms)


Started GET "/assets/jquery.js?body=1" for 127.0.0.1 at 2013-07-27 21:46:34 +0200
Served asset /jquery.js - 304 Not Modified (0ms)


Started GET "/movies?sort=release_date" for 127.0.0.1 at 2013-07-27 21:47:04 +0200
  Processing by MoviesController#index as HTML
  Parameters: {"sort"=>"release_date"}
  [1m[36mMovie Load (1.6ms)[0m  [1mSELECT "movies".* FROM "movies" ORDER BY release_date asc[0m
Rendered movies/index.html.haml within layouts/application (62.4ms)
Completed 200 OK in 123ms (Views: 119.3ms | ActiveRecord: 3.5ms)


Started GET "/assets/application.js?body=1" for 127.0.0.1 at 2013-07-27 21:47:05 +0200
Served asset /application.js - 304 Not Modified (1ms)


Started GET "/assets/application.css?body=1" for 127.0.0.1 at 2013-07-27 21:47:05 +0200
Served asset /application.css - 304 Not Modified (4ms)


Started GET "/assets/jquery_ujs.js?body=1" for 127.0.0.1 at 2013-07-27 21:47:05 +0200
Served asset /jquery_ujs.js - 304 Not Modified (0ms)


Started GET "/assets/jquery.js?body=1" for 127.0.0.1 at 2013-07-27 21:47:05 +0200
Served asset /jquery.js - 304 Not Modified (0ms)


Started GET "/movies?sort=Release+Date" for 127.0.0.1 at 2013-07-27 21:47:06 +0200
  Processing by MoviesController#index as HTML
  Parameters: {"sort"=>"Release Date"}
  [1m[35mMovie Load (1.3ms)[0m  SELECT "movies".* FROM "movies" ORDER BY title asc
Rendered movies/index.html.haml within layouts/application (15.0ms)
Completed 200 OK in 40ms (Views: 36.1ms | ActiveRecord: 3.1ms)


Started GET "/assets/application.css?body=1" for 127.0.0.1 at 2013-07-27 21:47:06 +0200
Served asset /application.css - 304 Not Modified (23ms)


Started GET "/assets/jquery.js?body=1" for 127.0.0.1 at 2013-07-27 21:47:06 +0200
Served asset /jquery.js - 304 Not Modified (0ms)


Started GET "/assets/application.js?body=1" for 127.0.0.1 at 2013-07-27 21:47:06 +0200
Served asset /application.js - 304 Not Modified (3ms)


Started GET "/assets/jquery_ujs.js?body=1" for 127.0.0.1 at 2013-07-27 21:47:06 +0200
Served asset /jquery_ujs.js - 304 Not Modified (0ms)


Started GET "/movies?sort=Movie+Title" for 127.0.0.1 at 2013-07-27 21:47:08 +0200
  Processing by MoviesController#index as HTML
  Parameters: {"sort"=>"Movie Title"}
  [1m[36mMovie Load (7.9ms)[0m  [1mSELECT "movies".* FROM "movies" ORDER BY title asc[0m
Rendered movies/index.html.haml within layouts/application (36.7ms)
Completed 200 OK in 83ms (Views: 67.9ms | ActiveRecord: 14.4ms)


Started GET "/assets/application.css?body=1" for 127.0.0.1 at 2013-07-27 21:47:08 +0200
Served asset /application.css - 304 Not Modified (7ms)


Started GET "/assets/jquery_ujs.js?body=1" for 127.0.0.1 at 2013-07-27 21:47:08 +0200
Served asset /jquery_ujs.js - 304 Not Modified (0ms)


Started GET "/assets/application.js?body=1" for 127.0.0.1 at 2013-07-27 21:47:08 +0200
Served asset /application.js - 304 Not Modified (2ms)


Started GET "/assets/jquery.js?body=1" for 127.0.0.1 at 2013-07-27 21:47:08 +0200
Served asset /jquery.js - 304 Not Modified (0ms)


Started GET "/movies?sort=Movie+Title" for 127.0.0.1 at 2013-07-27 21:47:09 +0200
  Processing by MoviesController#index as HTML
  Parameters: {"sort"=>"Movie Title"}
  [1m[35mMovie Load (6.0ms)[0m  SELECT "movies".* FROM "movies" ORDER BY title asc
Rendered movies/index.html.haml within layouts/application (56.3ms)
Completed 200 OK in 113ms (Views: 93.4ms | ActiveRecord: 18.9ms)


Started GET "/assets/application.css?body=1" for 127.0.0.1 at 2013-07-27 21:47:10 +0200
Served asset /application.css - 304 Not Modified (4ms)


Started GET "/assets/jquery.js?body=1" for 127.0.0.1 at 2013-07-27 21:47:10 +0200
Served asset /jquery.js - 304 Not Modified (0ms)


Started GET "/assets/jquery_ujs.js?body=1" for 127.0.0.1 at 2013-07-27 21:47:10 +0200
Served asset /jquery_ujs.js - 304 Not Modified (0ms)


Started GET "/assets/application.js?body=1" for 127.0.0.1 at 2013-07-27 21:47:10 +0200
Served asset /application.js - 304 Not Modified (3ms)


Started GET "/movies?sort=Release+Date" for 127.0.0.1 at 2013-07-27 21:47:12 +0200
  Processing by MoviesController#index as HTML
  Parameters: {"sort"=>"Release Date"}
  [1m[36mMovie Load (1.2ms)[0m  [1mSELECT "movies".* FROM "movies" ORDER BY title asc[0m
Rendered movies/index.html.haml within layouts/application (24.6ms)
Completed 200 OK in 68ms (Views: 61.6ms | ActiveRecord: 6.0ms)


Started GET "/assets/application.css?body=1" for 127.0.0.1 at 2013-07-27 21:47:12 +0200
Served asset /application.css - 304 Not Modified (3ms)


Started GET "/assets/jquery.js?body=1" for 127.0.0.1 at 2013-07-27 21:47:12 +0200
Served asset /jquery.js - 304 Not Modified (0ms)


Started GET "/assets/jquery_ujs.js?body=1" for 127.0.0.1 at 2013-07-27 21:47:12 +0200
Served asset /jquery_ujs.js - 304 Not Modified (0ms)


Started GET "/assets/application.js?body=1" for 127.0.0.1 at 2013-07-27 21:47:12 +0200
Served asset /application.js - 304 Not Modified (2ms)


Started GET "/movies?sort=Release+Date" for 127.0.0.1 at 2013-07-27 21:47:14 +0200
  Processing by MoviesController#index as HTML
  Parameters: {"sort"=>"Release Date"}
  [1m[35mMovie Load (1.4ms)[0m  SELECT "movies".* FROM "movies" ORDER BY title asc
Rendered movies/index.html.haml within layouts/application (15.3ms)
Completed 200 OK in 58ms (Views: 51.8ms | ActiveRecord: 3.7ms)


Started GET "/assets/application.css?body=1" for 127.0.0.1 at 2013-07-27 21:47:14 +0200
Served asset /application.css - 304 Not Modified (6ms)


Started GET "/assets/jquery.js?body=1" for 127.0.0.1 at 2013-07-27 21:47:14 +0200
Served asset /jquery.js - 304 Not Modified (0ms)


Started GET "/assets/application.js?body=1" for 127.0.0.1 at 2013-07-27 21:47:14 +0200
Served asset /application.js - 304 Not Modified (2ms)


Started GET "/assets/jquery_ujs.js?body=1" for 127.0.0.1 at 2013-07-27 21:47:14 +0200
Served asset /jquery_ujs.js - 304 Not Modified (0ms)


Started GET "/movies?sort=Movie+Title" for 127.0.0.1 at 2013-07-27 21:47:17 +0200
  Processing by MoviesController#index as HTML
  Parameters: {"sort"=>"Movie Title"}
  [1m[36mMovie Load (2.2ms)[0m  [1mSELECT "movies".* FROM "movies" ORDER BY title asc[0m
Rendered movies/index.html.haml within layouts/application (31.5ms)
Completed 200 OK in 54ms (Views: 45.2ms | ActiveRecord: 8.1ms)


Started GET "/assets/application.css?body=1" for 127.0.0.1 at 2013-07-27 21:47:18 +0200
Served asset /application.css - 304 Not Modified (5ms)


Started GET "/assets/jquery.js?body=1" for 127.0.0.1 at 2013-07-27 21:47:18 +0200
Served asset /jquery.js - 304 Not Modified (0ms)


Started GET "/assets/jquery_ujs.js?body=1" for 127.0.0.1 at 2013-07-27 21:47:18 +0200
Served asset /jquery_ujs.js - 304 Not Modified (0ms)


Started GET "/assets/application.js?body=1" for 127.0.0.1 at 2013-07-27 21:47:18 +0200
Served asset /application.js - 304 Not Modified (2ms)


Started GET "/movies?sort=Movie+Title" for 127.0.0.1 at 2013-07-27 21:47:34 +0200
  Processing by MoviesController#index as HTML
  Parameters: {"sort"=>"Movie Title"}
  [1m[35mMovie Load (2.0ms)[0m  SELECT "movies".* FROM "movies" ORDER BY title asc
Rendered movies/index.html.haml within layouts/application (26.4ms)
Completed 200 OK in 76ms (Views: 69.9ms | ActiveRecord: 6.0ms)


Started GET "/assets/application.css?body=1" for 127.0.0.1 at 2013-07-27 21:47:35 +0200
Served asset /application.css - 304 Not Modified (24ms)


Started GET "/assets/application.js?body=1" for 127.0.0.1 at 2013-07-27 21:47:35 +0200
Served asset /application.js - 304 Not Modified (4ms)


Started GET "/assets/jquery.js?body=1" for 127.0.0.1 at 2013-07-27 21:47:35 +0200
Served asset /jquery.js - 304 Not Modified (0ms)


Started GET "/assets/jquery_ujs.js?body=1" for 127.0.0.1 at 2013-07-27 21:47:35 +0200
Served asset /jquery_ujs.js - 304 Not Modified (0ms)


Started GET "/movies?sort=title" for 127.0.0.1 at 2013-07-27 21:47:37 +0200
  Processing by MoviesController#index as HTML
  Parameters: {"sort"=>"title"}
  [1m[36mMovie Load (1.9ms)[0m  [1mSELECT "movies".* FROM "movies" ORDER BY title asc[0m
Rendered movies/index.html.haml within layouts/application (85.5ms)
Completed 200 OK in 130ms (Views: 125.4ms | ActiveRecord: 4.6ms)


Started GET "/assets/application.css?body=1" for 127.0.0.1 at 2013-07-27 21:47:37 +0200
Served asset /application.css - 304 Not Modified (11ms)


Started GET "/assets/application.js?body=1" for 127.0.0.1 at 2013-07-27 21:47:37 +0200
Served asset /application.js - 304 Not Modified (4ms)


Started GET "/assets/jquery_ujs.js?body=1" for 127.0.0.1 at 2013-07-27 21:47:37 +0200
Served asset /jquery_ujs.js - 304 Not Modified (0ms)


Started GET "/assets/jquery.js?body=1" for 127.0.0.1 at 2013-07-27 21:47:37 +0200
Served asset /jquery.js - 304 Not Modified (0ms)


Started GET "/movies?sort=release_date" for 127.0.0.1 at 2013-07-27 21:47:38 +0200
  Processing by MoviesController#index as HTML
  Parameters: {"sort"=>"release_date"}
  [1m[35mMovie Load (2.0ms)[0m  SELECT "movies".* FROM "movies" ORDER BY release_date asc
Rendered movies/index.html.haml within layouts/application (17.6ms)
Completed 200 OK in 62ms (Views: 54.8ms | ActiveRecord: 6.8ms)


Started GET "/assets/application.css?body=1" for 127.0.0.1 at 2013-07-27 21:47:39 +0200
Served asset /application.css - 304 Not Modified (21ms)


Started GET "/assets/jquery.js?body=1" for 127.0.0.1 at 2013-07-27 21:47:39 +0200
Served asset /jquery.js - 304 Not Modified (0ms)


Started GET "/assets/application.js?body=1" for 127.0.0.1 at 2013-07-27 21:47:39 +0200
Served asset /application.js - 304 Not Modified (5ms)


Started GET "/assets/jquery_ujs.js?body=1" for 127.0.0.1 at 2013-07-27 21:47:39 +0200
Served asset /jquery_ujs.js - 304 Not Modified (0ms)


Started GET "/movies?sort=title" for 127.0.0.1 at 2013-07-27 21:47:42 +0200
  Processing by MoviesController#index as HTML
  Parameters: {"sort"=>"title"}
  [1m[36mMovie Load (3.0ms)[0m  [1mSELECT "movies".* FROM "movies" ORDER BY title asc[0m
Rendered movies/index.html.haml within layouts/application (18.5ms)
Completed 200 OK in 62ms (Views: 52.4ms | ActiveRecord: 8.6ms)


Started GET "/assets/application.css?body=1" for 127.0.0.1 at 2013-07-27 21:47:42 +0200
Served asset /application.css - 304 Not Modified (8ms)


Started GET "/assets/jquery.js?body=1" for 127.0.0.1 at 2013-07-27 21:47:42 +0200
Served asset /jquery.js - 304 Not Modified (0ms)


Started GET "/assets/jquery_ujs.js?body=1" for 127.0.0.1 at 2013-07-27 21:47:42 +0200
Served asset /jquery_ujs.js - 304 Not Modified (0ms)


Started GET "/assets/application.js?body=1" for 127.0.0.1 at 2013-07-27 21:47:42 +0200
Served asset /application.js - 304 Not Modified (2ms)
